<?xml version="1.0" encoding="UTF-8"?>
<!-- Generated by org.testng.reporters.JUnitReportReporter -->
<testsuite skipped="0" hostname="ANKITABU06" name="Booking.Aera.BookHotel" tests="1" failures="0" timestamp="08 Dec 2020 06:54:35 GMT" time="19.268" errors="0">
  <testcase name="selectHotel" time="19.268" classname="Booking.Aera.BookHotel"/>
</testsuite> <!-- Booking.Aera.BookHotel -->
